# configure exec: ./configure --prefix=/home/mrberlingo/Documents/bigData2/node_modules/node-rdkafka/build/deps --libdir=/home/mrberlingo/Documents/bigData2/node_modules/node-rdkafka/build/deps --prefix=/home/mrberlingo/Documents/bigData2/node_modules/node-rdkafka/build/deps --libdir=/home/mrberlingo/Documents/bigData2/node_modules/node-rdkafka/build/deps
# On Fri 17 Mar 2023 14:18:15 IST
DBG 28423: Setting distro (distro) status to ok (action ignore)
DBG 28423: ccenv: WITH_CC:  --version failed: mklove/modules/configure.base: line 1824: --version: command not found
DBG 28423: Setting ccenv (ccenv) status to failed (action cont)
DBG 28423: Check ccenv (WITH_CC, action cont (originally cont)) failed: command ' --version' failed:
mklove/modules/configure.base: line 1824: --version: command not found
DBG 28423: Setting gcc (gcc) status to ok (action cont)
DBG 28423: cxxenv: WITH_CXX:  --version failed: mklove/modules/configure.base: line 1824: --version: command not found
DBG 28423: Setting cxxenv (cxxenv) status to failed (action cont)
DBG 28423: Check cxxenv (WITH_CXX, action cont (originally cont)) failed: command ' --version' failed:
mklove/modules/configure.base: line 1824: --version: command not found
DBG 28423: Setting gxx (gxx) status to ok (action cont)
DBG 28423: Setting ld (ld) status to ok (action disable)
DBG 28423: Setting nm (nm) status to ok (action disable)
DBG 28423: Setting objdump (objdump) status to ok (action disable)
DBG 28423: Setting strip (strip) status to ok (action disable)
DBG 28423: libtool: : libtool is not executable: 
DBG 28423: Setting libtool (libtool) status to failed (action disable)
DBG 28423: Check libtool (, action disable (originally disable)) failed: libtool is not executable
DBG 28423: Setting ranlib (ranlib) status to ok (action disable)
DBG 28423: pkgconfig: WITH_PKGCONFIG: pkg-config --version failed: mklove/modules/configure.base: line 1824: pkg-config: command not found
DBG 28423: Setting pkgconfig (pkgconfig) status to failed (action cont)
DBG 28423: Check pkgconfig (WITH_PKGCONFIG, action cont (originally cont)) failed: command 'pkg-config --version' failed:
mklove/modules/configure.base: line 1824: pkg-config: command not found
DBG 28423: Setting install (install) status to ok (action cont)
DBG 28423: Setting gnuar (gnuar) status to ok (action disable)
DBG 28423: Compile check PIC (HAVE_PIC) (sub=0): gcc  -g -O2 -Wall -Werror _mkltmpyJTWMc.c -o _mkltmpyJTWMc.c.o  -L/home/mrberlingo/Documents/bigData2/node_modules/node-rdkafka/build/deps -fPIC 
DBG 28423: Setting PIC (PIC) status to ok (action disable)
DBG 28423: Compile check gnulib (WITH_GNULD) (sub=0): gcc  -g -O2 -fPIC -Wall -Werror _mkltmpGASoBE.c -o _mkltmpGASoBE.c.o  -L/home/mrberlingo/Documents/bigData2/node_modules/node-rdkafka/build/deps -shared -Wl,-soname,mkltest.0 
DBG 28423: Setting gnulib (gnulib) status to ok (action cont)
DBG 28423: Compile check ldsflagvs () (sub=0): gcc  -g -O2 -fPIC -Wall -Werror _mkltmpHkkDqb.c -o _mkltmpHkkDqb.c.o  -L/home/mrberlingo/Documents/bigData2/node_modules/node-rdkafka/build/deps -shared -Wl,--version-script=_mkltmpaxlWEL 
DBG 28423: Setting ldsflagvs (ldsflagvs) status to ok (action cont)
DBG 28423: Compile check __atomic_32 (HAVE_ATOMICS_32) (sub=0): gcc  -g -O2 -fPIC -Wall -Werror _mkltmpnadEM3.c -o _mkltmpnadEM3.c.o  -L/home/mrberlingo/Documents/bigData2/node_modules/node-rdkafka/build/deps  
DBG 28423: Setting __atomic_32 (__atomic_32) status to ok (action cont)
DBG 28423: Compile check __atomic_64 (HAVE_ATOMICS_64) (sub=0): gcc  -g -O2 -fPIC -Wall -Werror _mkltmpeCkr5h.c -o _mkltmpeCkr5h.c.o  -L/home/mrberlingo/Documents/bigData2/node_modules/node-rdkafka/build/deps  
DBG 28423: Setting __atomic_64 (__atomic_64) status to ok (action cont)
DBG 28423: Compile check socket () (sub=0): gcc  -g -O2 -fPIC -Wall -Wsign-compare -Wfloat-equal -Wpointer-arith -Wcast-align -Wall -Werror _mkltmpmchsNY.c -o _mkltmpmchsNY.c.o  -L/home/mrberlingo/Documents/bigData2/node_modules/node-rdkafka/build/deps  
DBG 28423: Setting socket (socket) status to ok (action cont)
DBG 28423: Setting parseversion (parseversion) status to ok (action cont)
DBG 28423: librt: Check for static library (libs -lrt, arfile variable STATIC_LIB_librt=, static filenames )
DBG 28423: Compile check librt () (sub=0): gcc  -g -O2 -fPIC -Wall -Wsign-compare -Wfloat-equal -Wpointer-arith -Wcast-align -Wall -Werror _mkltmpVMXpq9.c -o _mkltmpVMXpq9.c.o  -L/home/mrberlingo/Documents/bigData2/node_modules/node-rdkafka/build/deps -lrt 
DBG 28423: Setting librt (librt) status to ok (action cont)
DBG 28423: librt: from lib_check: LIBS: prepend -lrt
DBG 28423: libpthread: Check for static library (libs -lpthread, arfile variable STATIC_LIB_libpthread=, static filenames )
DBG 28423: Compile check libpthread () (sub=0): gcc  -g -O2 -fPIC -Wall -Wsign-compare -Wfloat-equal -Wpointer-arith -Wcast-align -Wall -Werror _mkltmp7ouUlj.c -o _mkltmp7ouUlj.c.o  -L/home/mrberlingo/Documents/bigData2/node_modules/node-rdkafka/build/deps -lpthread -lrt
DBG 28423: Setting libpthread (libpthread) status to ok (action fail)
DBG 28423: libpthread: from lib_check: LIBS: prepend -lpthread
DBG 28423: c11threads: Check for static library (libs -lpthread -lrt, arfile variable STATIC_LIB_c11threads=, static filenames )
DBG 28423: Compile check c11threads (WITH_C11THREADS) (sub=0): gcc  -g -O2 -fPIC -Wall -Wsign-compare -Wfloat-equal -Wpointer-arith -Wcast-align -Wall -Werror _mkltmpnT1myO.c -o _mkltmpnT1myO.c.o  -L/home/mrberlingo/Documents/bigData2/node_modules/node-rdkafka/build/deps -lpthread -lrt -lpthread -lrt
DBG 28423: Setting c11threads (c11threads) status to ok (action disable)
DBG 28423: c11threads: from lib_check: LIBS: prepend -lpthread -lrt
DBG 28423: libdl: Check for static library (libs -ldl, arfile variable STATIC_LIB_libdl=, static filenames )
DBG 28423: Compile check libdl (WITH_LIBDL) (sub=0): gcc  -g -O2 -fPIC -Wall -Wsign-compare -Wfloat-equal -Wpointer-arith -Wcast-align -Wall -Werror _mkltmp58vJx5.c -o _mkltmp58vJx5.c.o  -L/home/mrberlingo/Documents/bigData2/node_modules/node-rdkafka/build/deps -ldl -lpthread -lrt -lpthread -lrt
DBG 28423: Setting libdl (libdl) status to ok (action disable)
DBG 28423: libdl: from lib_check: LIBS: prepend -ldl
DBG 28423: zlib: Check for static library (libs -lz, arfile variable STATIC_LIB_zlib=, static filenames libz.a)
DBG 28423: Compile check zlib (WITH_ZLIB) (sub=0): gcc  -g -O2 -fPIC -Wall -Wsign-compare -Wfloat-equal -Wpointer-arith -Wcast-align -Wall -Werror _mkltmpFCe9Aj.c -o _mkltmpFCe9Aj.c.o  -L/home/mrberlingo/Documents/bigData2/node_modules/node-rdkafka/build/deps -lz -ldl -lpthread -lrt -lpthread -lrt
DBG 28423: compile check for zlib (WITH_ZLIB) failed: gcc  -g -O2 -fPIC -Wall -Wsign-compare -Wfloat-equal -Wpointer-arith -Wcast-align -Wall -Werror _mkltmpFCe9Aj.c -o _mkltmpFCe9Aj.c.o  -L/home/mrberlingo/Documents/bigData2/node_modules/node-rdkafka/build/deps -lz -ldl -lpthread -lrt -lpthread -lrt: _mkltmpFCe9Aj.c:3:10: fatal error: zlib.h: No such file or directory
    3 | #include <zlib.h>
      |          ^~~~~~~~
compilation terminated.
DBG 28423: Setting zlib (zlib) status to failed (action disable)
DBG 28423: Check zlib (WITH_ZLIB, action disable (originally disable)) failed: compile check failed:
CC: CC
flags: -lz
gcc  -g -O2 -fPIC -Wall -Wsign-compare -Wfloat-equal -Wpointer-arith -Wcast-align -Wall -Werror _mkltmpFCe9Aj.c -o _mkltmpFCe9Aj.c.o  -L/home/mrberlingo/Documents/bigData2/node_modules/node-rdkafka/build/deps -lz -ldl -lpthread -lrt -lpthread -lrt:
_mkltmpFCe9Aj.c:3:10: fatal error: zlib.h: No such file or directory
    3 | #include <zlib.h>
      |          ^~~~~~~~
compilation terminated.
source: 
#include <stddef.h>
#include <zlib.h>

void foo (void) {
     z_stream *p = NULL;
     inflate(p, 0);
}

DBG 28423: libcrypto: Check for static library (libs -lcrypto, arfile variable STATIC_LIB_libcrypto=, static filenames libcrypto.a)
DBG 28423: Compile check libcrypto () (sub=0): gcc  -g -O2 -fPIC -Wall -Wsign-compare -Wfloat-equal -Wpointer-arith -Wcast-align -Wall -Werror _mkltmp8t5E3Y.c -o _mkltmp8t5E3Y.c.o  -L/home/mrberlingo/Documents/bigData2/node_modules/node-rdkafka/build/deps -lcrypto -ldl -lpthread -lrt -lpthread -lrt
DBG 28423: Setting libcrypto (libcrypto) status to ok (action disable)
DBG 28423: libcrypto: from lib_check: LIBS: prepend -lcrypto
DBG 28423: libssl: Check for static library (libs -lssl -lcrypto, arfile variable STATIC_LIB_libssl=, static filenames libssl.a)
DBG 28423: Compile check libssl (WITH_SSL) (sub=0): gcc  -g -O2 -fPIC -Wall -Wsign-compare -Wfloat-equal -Wpointer-arith -Wcast-align -Wall -Werror _mkltmp8OFNfm.c -o _mkltmp8OFNfm.c.o  -L/home/mrberlingo/Documents/bigData2/node_modules/node-rdkafka/build/deps -lssl -lcrypto -lcrypto -ldl -lpthread -lrt -lpthread -lrt
DBG 28423: Setting libssl (libssl) status to ok (action disable)
DBG 28423: libssl: from lib_check: LIBS: prepend -lssl -lcrypto
DBG 28423: libsasl2: Check for static library (libs -lsasl2, arfile variable STATIC_LIB_libsasl2=, static filenames )
DBG 28423: Compile check libsasl2 (WITH_SASL_CYRUS) (sub=0): gcc  -g -O2 -fPIC -Wall -Wsign-compare -Wfloat-equal -Wpointer-arith -Wcast-align -Wall -Werror _mkltmpSxbIIQ.c -o _mkltmpSxbIIQ.c.o  -L/home/mrberlingo/Documents/bigData2/node_modules/node-rdkafka/build/deps -lsasl2 -lssl -lcrypto -lcrypto -ldl -lpthread -lrt -lpthread -lrt
DBG 28423: compile check for libsasl2 (WITH_SASL_CYRUS) failed: gcc  -g -O2 -fPIC -Wall -Wsign-compare -Wfloat-equal -Wpointer-arith -Wcast-align -Wall -Werror _mkltmpSxbIIQ.c -o _mkltmpSxbIIQ.c.o  -L/home/mrberlingo/Documents/bigData2/node_modules/node-rdkafka/build/deps -lsasl2 -lssl -lcrypto -lcrypto -ldl -lpthread -lrt -lpthread -lrt: _mkltmpSxbIIQ.c:3:10: fatal error: sasl/sasl.h: No such file or directory
    3 | #include <sasl/sasl.h>
      |          ^~~~~~~~~~~~~
compilation terminated.
DBG 28423: Setting libsasl2 (libsasl2) status to failed (action disable)
DBG 28423: Check libsasl2 (WITH_SASL_CYRUS, action disable (originally disable)) failed: compile check failed:
CC: CC
flags: -lsasl2
gcc  -g -O2 -fPIC -Wall -Wsign-compare -Wfloat-equal -Wpointer-arith -Wcast-align -Wall -Werror _mkltmpSxbIIQ.c -o _mkltmpSxbIIQ.c.o  -L/home/mrberlingo/Documents/bigData2/node_modules/node-rdkafka/build/deps -lsasl2 -lssl -lcrypto -lcrypto -ldl -lpthread -lrt -lpthread -lrt:
_mkltmpSxbIIQ.c:3:10: fatal error: sasl/sasl.h: No such file or directory
    3 | #include <sasl/sasl.h>
      |          ^~~~~~~~~~~~~
compilation terminated.
source: 
#include <stddef.h>
#include <sasl/sasl.h>

DBG 28423: libsasl: Check for static library (libs -lsasl, arfile variable STATIC_LIB_libsasl=, static filenames )
DBG 28423: Compile check libsasl (WITH_SASL_CYRUS) (sub=0): gcc  -g -O2 -fPIC -Wall -Wsign-compare -Wfloat-equal -Wpointer-arith -Wcast-align -Wall -Werror _mkltmpBFvsuA.c -o _mkltmpBFvsuA.c.o  -L/home/mrberlingo/Documents/bigData2/node_modules/node-rdkafka/build/deps -lsasl -lssl -lcrypto -lcrypto -ldl -lpthread -lrt -lpthread -lrt
DBG 28423: compile check for libsasl (WITH_SASL_CYRUS) failed: gcc  -g -O2 -fPIC -Wall -Wsign-compare -Wfloat-equal -Wpointer-arith -Wcast-align -Wall -Werror _mkltmpBFvsuA.c -o _mkltmpBFvsuA.c.o  -L/home/mrberlingo/Documents/bigData2/node_modules/node-rdkafka/build/deps -lsasl -lssl -lcrypto -lcrypto -ldl -lpthread -lrt -lpthread -lrt: _mkltmpBFvsuA.c:3:10: fatal error: sasl/sasl.h: No such file or directory
    3 | #include <sasl/sasl.h>
      |          ^~~~~~~~~~~~~
compilation terminated.
DBG 28423: Setting libsasl (libsasl) status to failed (action disable)
DBG 28423: Check libsasl (WITH_SASL_CYRUS, action disable (originally disable)) failed: compile check failed:
CC: CC
flags: -lsasl
gcc  -g -O2 -fPIC -Wall -Wsign-compare -Wfloat-equal -Wpointer-arith -Wcast-align -Wall -Werror _mkltmpBFvsuA.c -o _mkltmpBFvsuA.c.o  -L/home/mrberlingo/Documents/bigData2/node_modules/node-rdkafka/build/deps -lsasl -lssl -lcrypto -lcrypto -ldl -lpthread -lrt -lpthread -lrt:
_mkltmpBFvsuA.c:3:10: fatal error: sasl/sasl.h: No such file or directory
    3 | #include <sasl/sasl.h>
      |          ^~~~~~~~~~~~~
compilation terminated.
source: 
#include <stddef.h>
#include <sasl/sasl.h>

DBG 28423: libzstd: Check for static library (libs -lzstd, arfile variable STATIC_LIB_libzstd=, static filenames libzstd.a)
DBG 28423: Compile check libzstd (WITH_ZSTD) (sub=0): gcc  -g -O2 -fPIC -Wall -Wsign-compare -Wfloat-equal -Wpointer-arith -Wcast-align -Wall -Werror _mkltmpDNo1U2.c -o _mkltmpDNo1U2.c.o  -L/home/mrberlingo/Documents/bigData2/node_modules/node-rdkafka/build/deps -lzstd -lssl -lcrypto -lcrypto -ldl -lpthread -lrt -lpthread -lrt
DBG 28423: compile check for libzstd (WITH_ZSTD) failed: gcc  -g -O2 -fPIC -Wall -Wsign-compare -Wfloat-equal -Wpointer-arith -Wcast-align -Wall -Werror _mkltmpDNo1U2.c -o _mkltmpDNo1U2.c.o  -L/home/mrberlingo/Documents/bigData2/node_modules/node-rdkafka/build/deps -lzstd -lssl -lcrypto -lcrypto -ldl -lpthread -lrt -lpthread -lrt: _mkltmpDNo1U2.c:2:10: fatal error: zstd.h: No such file or directory
    2 | #include <zstd.h>
      |          ^~~~~~~~
compilation terminated.
DBG 28423: Setting libzstd (libzstd) status to failed (action disable)
DBG 28423: Check libzstd (WITH_ZSTD, action disable (originally disable)) failed: compile check failed:
CC: CC
flags: -lzstd
gcc  -g -O2 -fPIC -Wall -Wsign-compare -Wfloat-equal -Wpointer-arith -Wcast-align -Wall -Werror _mkltmpDNo1U2.c -o _mkltmpDNo1U2.c.o  -L/home/mrberlingo/Documents/bigData2/node_modules/node-rdkafka/build/deps -lzstd -lssl -lcrypto -lcrypto -ldl -lpthread -lrt -lpthread -lrt:
_mkltmpDNo1U2.c:2:10: fatal error: zstd.h: No such file or directory
    2 | #include <zstd.h>
      |          ^~~~~~~~
compilation terminated.
source: 
#include <zstd.h>
#include <zstd_errors.h>

void foo (void) {
     ZSTD_getFrameContentSize(NULL, 0);
}

DBG 28423: libcurl: Check for static library (libs -lcurl, arfile variable STATIC_LIB_libcurl=, static filenames libcurl.a)
DBG 28423: Compile check libcurl (WITH_CURL) (sub=0): gcc  -g -O2 -fPIC -Wall -Wsign-compare -Wfloat-equal -Wpointer-arith -Wcast-align -Wall -Werror _mkltmpOsWImO.c -o _mkltmpOsWImO.c.o  -L/home/mrberlingo/Documents/bigData2/node_modules/node-rdkafka/build/deps -lcurl -lssl -lcrypto -lcrypto -ldl -lpthread -lrt -lpthread -lrt
DBG 28423: compile check for libcurl (WITH_CURL) failed: gcc  -g -O2 -fPIC -Wall -Wsign-compare -Wfloat-equal -Wpointer-arith -Wcast-align -Wall -Werror _mkltmpOsWImO.c -o _mkltmpOsWImO.c.o  -L/home/mrberlingo/Documents/bigData2/node_modules/node-rdkafka/build/deps -lcurl -lssl -lcrypto -lcrypto -ldl -lpthread -lrt -lpthread -lrt: _mkltmpOsWImO.c:2:10: fatal error: curl/curl.h: No such file or directory
    2 | #include <curl/curl.h>
      |          ^~~~~~~~~~~~~
compilation terminated.
DBG 28423: Setting libcurl (libcurl) status to failed (action disable)
DBG 28423: Check libcurl (WITH_CURL, action disable (originally disable)) failed: compile check failed:
CC: CC
flags: -lcurl
gcc  -g -O2 -fPIC -Wall -Wsign-compare -Wfloat-equal -Wpointer-arith -Wcast-align -Wall -Werror _mkltmpOsWImO.c -o _mkltmpOsWImO.c.o  -L/home/mrberlingo/Documents/bigData2/node_modules/node-rdkafka/build/deps -lcurl -lssl -lcrypto -lcrypto -ldl -lpthread -lrt -lpthread -lrt:
_mkltmpOsWImO.c:2:10: fatal error: curl/curl.h: No such file or directory
    2 | #include <curl/curl.h>
      |          ^~~~~~~~~~~~~
compilation terminated.
source: 
#include <curl/curl.h>

void foo (void) {
     curl_global_init(CURL_GLOBAL_DEFAULT);
}

DBG 28423: libm: Check for static library (libs -lm, arfile variable STATIC_LIB_libm=, static filenames )
DBG 28423: Compile check libm () (sub=0): gcc  -g -O2 -fPIC -Wall -Wsign-compare -Wfloat-equal -Wpointer-arith -Wcast-align -Wall -Werror _mkltmpXQWO3P.c -o _mkltmpXQWO3P.c.o  -L/home/mrberlingo/Documents/bigData2/node_modules/node-rdkafka/build/deps -lm -lssl -lcrypto -lcrypto -ldl -lpthread -lrt -lpthread -lrt
DBG 28423: Setting libm (libm) status to ok (action disable)
DBG 28423: libm: from lib_check: LIBS: prepend -lm
DBG 28423: liblz4: Check for static library (libs -llz4, arfile variable STATIC_LIB_liblz4=, static filenames liblz4.a)
DBG 28423: Compile check liblz4 (WITH_LZ4_EXT) (sub=0): gcc  -g -O2 -fPIC -Wall -Wsign-compare -Wfloat-equal -Wpointer-arith -Wcast-align -Wall -Werror _mkltmpPxFEuw.c -o _mkltmpPxFEuw.c.o  -L/home/mrberlingo/Documents/bigData2/node_modules/node-rdkafka/build/deps -llz4 -lm -lssl -lcrypto -lcrypto -ldl -lpthread -lrt -lpthread -lrt
DBG 28423: compile check for liblz4 (WITH_LZ4_EXT) failed: gcc  -g -O2 -fPIC -Wall -Wsign-compare -Wfloat-equal -Wpointer-arith -Wcast-align -Wall -Werror _mkltmpPxFEuw.c -o _mkltmpPxFEuw.c.o  -L/home/mrberlingo/Documents/bigData2/node_modules/node-rdkafka/build/deps -llz4 -lm -lssl -lcrypto -lcrypto -ldl -lpthread -lrt -lpthread -lrt: _mkltmpPxFEuw.c:1:10: fatal error: lz4frame.h: No such file or directory
    1 | #include <lz4frame.h>
      |          ^~~~~~~~~~~~
compilation terminated.
DBG 28423: Setting liblz4 (liblz4) status to failed (action disable)
DBG 28423: Check liblz4 (WITH_LZ4_EXT, action disable (originally disable)) failed: compile check failed:
CC: CC
flags: -llz4
gcc  -g -O2 -fPIC -Wall -Wsign-compare -Wfloat-equal -Wpointer-arith -Wcast-align -Wall -Werror _mkltmpPxFEuw.c -o _mkltmpPxFEuw.c.o  -L/home/mrberlingo/Documents/bigData2/node_modules/node-rdkafka/build/deps -llz4 -lm -lssl -lcrypto -lcrypto -ldl -lpthread -lrt -lpthread -lrt:
_mkltmpPxFEuw.c:1:10: fatal error: lz4frame.h: No such file or directory
    1 | #include <lz4frame.h>
      |          ^~~~~~~~~~~~
compilation terminated.
source: #include <lz4frame.h>
DBG 28423: Compile check syslog (WITH_SYSLOG) (sub=0): gcc  -g -O2 -fPIC -Wall -Wsign-compare -Wfloat-equal -Wpointer-arith -Wcast-align -Wall -Werror _mkltmpTN3Pwg.c -o _mkltmpTN3Pwg.c.o  -L/home/mrberlingo/Documents/bigData2/node_modules/node-rdkafka/build/deps  -lm -lssl -lcrypto -lcrypto -ldl -lpthread -lrt -lpthread -lrt
DBG 28423: Setting syslog (syslog) status to ok (action disable)
DBG 28423: Compile check rapidjson (WITH_RAPIDJSON) (sub=0): g++  -g -O2 -fPIC -Wall -Wsign-compare -Wfloat-equal -Wpointer-arith -Wcast-align -Wall -Werror _mkltmpsrN9Bz.cpp -o _mkltmpsrN9Bz.cpp.o  -L/home/mrberlingo/Documents/bigData2/node_modules/node-rdkafka/build/deps  -lm -lssl -lcrypto -lcrypto -ldl -lpthread -lrt -lpthread -lrt
DBG 28423: compile check for rapidjson (WITH_RAPIDJSON) failed: g++  -g -O2 -fPIC -Wall -Wsign-compare -Wfloat-equal -Wpointer-arith -Wcast-align -Wall -Werror _mkltmpsrN9Bz.cpp -o _mkltmpsrN9Bz.cpp.o  -L/home/mrberlingo/Documents/bigData2/node_modules/node-rdkafka/build/deps  -lm -lssl -lcrypto -lcrypto -ldl -lpthread -lrt -lpthread -lrt: _mkltmpsrN9Bz.cpp:1:10: fatal error: rapidjson/schema.h: No such file or directory
    1 | #include <rapidjson/schema.h>
      |          ^~~~~~~~~~~~~~~~~~~~
compilation terminated.
DBG 28423: Setting rapidjson (rapidjson) status to failed (action disable)
DBG 28423: Check rapidjson (WITH_RAPIDJSON, action disable (originally disable)) failed: compile check failed:
CC: CXX
flags: 
g++  -g -O2 -fPIC -Wall -Wsign-compare -Wfloat-equal -Wpointer-arith -Wcast-align -Wall -Werror _mkltmpsrN9Bz.cpp -o _mkltmpsrN9Bz.cpp.o  -L/home/mrberlingo/Documents/bigData2/node_modules/node-rdkafka/build/deps  -lm -lssl -lcrypto -lcrypto -ldl -lpthread -lrt -lpthread -lrt:
_mkltmpsrN9Bz.cpp:1:10: fatal error: rapidjson/schema.h: No such file or directory
    1 | #include <rapidjson/schema.h>
      |          ^~~~~~~~~~~~~~~~~~~~
compilation terminated.
source: #include <rapidjson/schema.h>
DBG 28423: Compile check crc32chw (WITH_CRC32C_HW) (sub=0): gcc  -g -O2 -fPIC -Wall -Wsign-compare -Wfloat-equal -Wpointer-arith -Wcast-align -Wall -Werror _mkltmp31GZCU.c -o _mkltmp31GZCU.c.o  -L/home/mrberlingo/Documents/bigData2/node_modules/node-rdkafka/build/deps  -lm -lssl -lcrypto -lcrypto -ldl -lpthread -lrt -lpthread -lrt
DBG 28423: Setting crc32chw (crc32chw) status to ok (action disable)
DBG 28423: Compile check regex (HAVE_REGEX) (sub=0): gcc  -g -O2 -fPIC -Wall -Wsign-compare -Wfloat-equal -Wpointer-arith -Wcast-align -Wall -Werror _mkltmp55XP53.c -o _mkltmp55XP53.c.o  -L/home/mrberlingo/Documents/bigData2/node_modules/node-rdkafka/build/deps  -lm -lssl -lcrypto -lcrypto -ldl -lpthread -lrt -lpthread -lrt
DBG 28423: Setting regex (regex) status to ok (action disable)
DBG 28423: Compile check rand_r (HAVE_RAND_R) (sub=0): gcc  -g -O2 -fPIC -Wall -Wsign-compare -Wfloat-equal -Wpointer-arith -Wcast-align -Wall -Werror _mkltmpxC1uiG.c -o _mkltmpxC1uiG.c.o  -L/home/mrberlingo/Documents/bigData2/node_modules/node-rdkafka/build/deps  -lm -lssl -lcrypto -lcrypto -ldl -lpthread -lrt -lpthread -lrt
DBG 28423: Setting rand_r (rand_r) status to ok (action disable)
DBG 28423: Compile check strndup (HAVE_STRNDUP) (sub=0): gcc  -g -O2 -fPIC -Wall -Wsign-compare -Wfloat-equal -Wpointer-arith -Wcast-align -Wall -Werror _mkltmpce7lGa.c -o _mkltmpce7lGa.c.o  -L/home/mrberlingo/Documents/bigData2/node_modules/node-rdkafka/build/deps  -lm -lssl -lcrypto -lcrypto -ldl -lpthread -lrt -lpthread -lrt
DBG 28423: Setting strndup (strndup) status to ok (action disable)
DBG 28423: Compile check strlcpy (HAVE_STRLCPY) (sub=0): gcc  -g -O2 -fPIC -Wall -Wsign-compare -Wfloat-equal -Wpointer-arith -Wcast-align -Wall -Werror _mkltmpAweA0T.c -o _mkltmpAweA0T.c.o  -L/home/mrberlingo/Documents/bigData2/node_modules/node-rdkafka/build/deps  -lm -lssl -lcrypto -lcrypto -ldl -lpthread -lrt -lpthread -lrt
DBG 28423: compile check for strlcpy (HAVE_STRLCPY) failed: gcc  -g -O2 -fPIC -Wall -Wsign-compare -Wfloat-equal -Wpointer-arith -Wcast-align -Wall -Werror _mkltmpAweA0T.c -o _mkltmpAweA0T.c.o  -L/home/mrberlingo/Documents/bigData2/node_modules/node-rdkafka/build/deps  -lm -lssl -lcrypto -lcrypto -ldl -lpthread -lrt -lpthread -lrt: _mkltmpAweA0T.c: In function ‘foo’:
_mkltmpAweA0T.c:6:11: error: implicit declaration of function ‘strlcpy’; did you mean ‘strncpy’? [-Werror=implicit-function-declaration]
    6 |    return strlcpy(dest, "something", sizeof(dest));
      |           ^~~~~~~
      |           strncpy
cc1: all warnings being treated as errors
DBG 28423: Setting strlcpy (strlcpy) status to failed (action disable)
DBG 28423: Check strlcpy (HAVE_STRLCPY, action disable (originally disable)) failed: compile check failed:
CC: CC
flags: 
gcc  -g -O2 -fPIC -Wall -Wsign-compare -Wfloat-equal -Wpointer-arith -Wcast-align -Wall -Werror _mkltmpAweA0T.c -o _mkltmpAweA0T.c.o  -L/home/mrberlingo/Documents/bigData2/node_modules/node-rdkafka/build/deps  -lm -lssl -lcrypto -lcrypto -ldl -lpthread -lrt -lpthread -lrt:
_mkltmpAweA0T.c: In function ‘foo’:
_mkltmpAweA0T.c:6:11: error: implicit declaration of function ‘strlcpy’; did you mean ‘strncpy’? [-Werror=implicit-function-declaration]
    6 |    return strlcpy(dest, "something", sizeof(dest));
      |           ^~~~~~~
      |           strncpy
cc1: all warnings being treated as errors
source: 
#define _DARWIN_C_SOURCE
#include <string.h>
int foo (void) {
    char dest[4];
   return strlcpy(dest, "something", sizeof(dest));
}
DBG 28423: Compile check strerror_r (HAVE_STRERROR_R) (sub=0): gcc  -g -O2 -fPIC -Wall -Wsign-compare -Wfloat-equal -Wpointer-arith -Wcast-align -Wall -Werror _mkltmpCwgvJ2.c -o _mkltmpCwgvJ2.c.o  -L/home/mrberlingo/Documents/bigData2/node_modules/node-rdkafka/build/deps  -lm -lssl -lcrypto -lcrypto -ldl -lpthread -lrt -lpthread -lrt
DBG 28423: Setting strerror_r (strerror_r) status to ok (action disable)
DBG 28423: Compile check strcasestr (HAVE_STRCASESTR) (sub=0): gcc  -g -O2 -fPIC -Wall -Wsign-compare -Wfloat-equal -Wpointer-arith -Wcast-align -Wall -Werror _mkltmpAxxRsU.c -o _mkltmpAxxRsU.c.o  -L/home/mrberlingo/Documents/bigData2/node_modules/node-rdkafka/build/deps  -lm -lssl -lcrypto -lcrypto -ldl -lpthread -lrt -lpthread -lrt
DBG 28423: Setting strcasestr (strcasestr) status to ok (action disable)
DBG 28423: Compile check pthread_setname_gnu (HAVE_PTHREAD_SETNAME_GNU) (sub=0): gcc  -g -O2 -fPIC -Wall -Wsign-compare -Wfloat-equal -Wpointer-arith -Wcast-align -Wall -Werror _mkltmp6OFLLj.c -o _mkltmp6OFLLj.c.o  -L/home/mrberlingo/Documents/bigData2/node_modules/node-rdkafka/build/deps -D_GNU_SOURCE -lpthread -lm -lssl -lcrypto -lcrypto -ldl -lpthread -lrt -lpthread -lrt
DBG 28423: Setting pthread_setname_gnu (pthread_setname_gnu) status to ok (action disable)
DBG 28423: Setting nm (nm) status to ok (action cont)
DBG 28423: Setting python3 (python3) status to ok (action disable)
DBG 28423: Compile check getrusage (HAVE_GETRUSAGE) (sub=0): gcc  -g -O2 -fPIC -Wall -Wsign-compare -Wfloat-equal -Wpointer-arith -Wcast-align -Wall -Werror _mkltmpkbdzma.c -o _mkltmpkbdzma.c.o  -L/home/mrberlingo/Documents/bigData2/node_modules/node-rdkafka/build/deps  -lm -lssl -lcrypto -lcrypto -ldl -lpthread -lrt -lpthread -lrt
DBG 28423: Setting getrusage (getrusage) status to ok (action disable)
